2022-03-06 12:48:06.188  INFO 7320 --- [restartedMain] c.e.order_system.OrderSystemApplication  : Starting OrderSystemApplication using Java 1.8.0_192 on HONOR-MAGICBOOK with PID 7320 (D:\Github\Order_System\target\classes started by wangfuming in D:\Github\Order_System)
2022-03-06 12:48:06.193  INFO 7320 --- [restartedMain] c.e.order_system.OrderSystemApplication  : No active profile set, falling back to 1 default profile: "default"
2022-03-06 12:48:06.255  INFO 7320 --- [restartedMain] .e.DevToolsPropertyDefaultsPostProcessor : Devtools property defaults active! Set 'spring.devtools.add-properties' to 'false' to disable
2022-03-06 12:48:06.255  INFO 7320 --- [restartedMain] .e.DevToolsPropertyDefaultsPostProcessor : For additional web related logging consider setting the 'logging.level.web' property to 'DEBUG'
2022-03-06 12:48:07.751  INFO 7320 --- [restartedMain] o.s.b.w.embedded.tomcat.TomcatWebServer  : Tomcat initialized with port(s): 8080 (http)
2022-03-06 12:48:07.785  INFO 7320 --- [restartedMain] o.apache.catalina.core.StandardService   : Starting service [Tomcat]
2022-03-06 12:48:07.786  INFO 7320 --- [restartedMain] org.apache.catalina.core.StandardEngine  : Starting Servlet engine: [Apache Tomcat/9.0.58]
2022-03-06 12:48:08.022  INFO 7320 --- [restartedMain] o.a.c.c.C.[Tomcat].[localhost].[/]       : Initializing Spring embedded WebApplicationContext
2022-03-06 12:48:08.022  INFO 7320 --- [restartedMain] w.s.c.ServletWebServerApplicationContext : Root WebApplicationContext: initialization completed in 1765 ms
2022-03-06 12:48:09.289  INFO 7320 --- [restartedMain] o.s.b.a.w.s.WelcomePageHandlerMapping    : Adding welcome page: class path resource [static/index.html]
2022-03-06 12:48:09.540  INFO 7320 --- [restartedMain] o.s.b.d.a.OptionalLiveReloadServer       : LiveReload server is running on port 35729
2022-03-06 12:48:09.620  INFO 7320 --- [restartedMain] o.s.b.w.embedded.tomcat.TomcatWebServer  : Tomcat started on port(s): 8080 (http) with context path ''
2022-03-06 12:48:09.636  INFO 7320 --- [restartedMain] c.e.order_system.OrderSystemApplication  : Started OrderSystemApplication in 3.812 seconds (JVM running for 4.756)
2022-03-06 12:48:10.372  INFO 7320 --- [http-nio-8080-exec-1] o.a.c.c.C.[Tomcat].[localhost].[/]       : Initializing Spring DispatcherServlet 'dispatcherServlet'
2022-03-06 12:48:10.372  INFO 7320 --- [http-nio-8080-exec-1] o.s.web.servlet.DispatcherServlet        : Initializing Servlet 'dispatcherServlet'
2022-03-06 12:48:10.376  INFO 7320 --- [http-nio-8080-exec-1] o.s.web.servlet.DispatcherServlet        : Completed initialization in 3 ms
2022-03-06 12:51:39.089  INFO 7320 --- [restartedMain] c.e.order_system.OrderSystemApplication  : Starting OrderSystemApplication using Java 1.8.0_192 on HONOR-MAGICBOOK with PID 7320 (D:\Github\Order_System\target\classes started by wangfuming in D:\Github\Order_System)
2022-03-06 12:51:39.089  INFO 7320 --- [restartedMain] c.e.order_system.OrderSystemApplication  : No active profile set, falling back to 1 default profile: "default"
2022-03-06 12:51:39.289  INFO 7320 --- [restartedMain] o.s.b.w.embedded.tomcat.TomcatWebServer  : Tomcat initialized with port(s): 8080 (http)
2022-03-06 12:51:39.290  INFO 7320 --- [restartedMain] o.apache.catalina.core.StandardService   : Starting service [Tomcat]
2022-03-06 12:51:39.290  INFO 7320 --- [restartedMain] org.apache.catalina.core.StandardEngine  : Starting Servlet engine: [Apache Tomcat/9.0.58]
2022-03-06 12:51:39.304  INFO 7320 --- [restartedMain] o.a.c.c.C.[Tomcat].[localhost].[/]       : Initializing Spring embedded WebApplicationContext
2022-03-06 12:51:39.305  INFO 7320 --- [restartedMain] w.s.c.ServletWebServerApplicationContext : Root WebApplicationContext: initialization completed in 214 ms
2022-03-06 12:51:39.428  INFO 7320 --- [restartedMain] o.s.b.a.w.s.WelcomePageHandlerMapping    : Adding welcome page: class path resource [static/index.html]
2022-03-06 12:51:39.483  INFO 7320 --- [restartedMain] o.s.b.d.a.OptionalLiveReloadServer       : LiveReload server is running on port 35729
2022-03-06 12:51:39.494  INFO 7320 --- [restartedMain] o.s.b.w.embedded.tomcat.TomcatWebServer  : Tomcat started on port(s): 8080 (http) with context path ''
2022-03-06 12:51:39.500  INFO 7320 --- [restartedMain] c.e.order_system.OrderSystemApplication  : Started OrderSystemApplication in 0.434 seconds (JVM running for 214.619)
2022-03-06 12:51:39.501  INFO 7320 --- [restartedMain] .ConditionEvaluationDeltaLoggingListener : Condition evaluation unchanged
2022-03-06 12:51:40.896  INFO 7320 --- [http-nio-8080-exec-1] o.a.c.c.C.[Tomcat].[localhost].[/]       : Initializing Spring DispatcherServlet 'dispatcherServlet'
2022-03-06 12:51:40.897  INFO 7320 --- [http-nio-8080-exec-1] o.s.web.servlet.DispatcherServlet        : Initializing Servlet 'dispatcherServlet'
2022-03-06 12:51:40.898  INFO 7320 --- [http-nio-8080-exec-1] o.s.web.servlet.DispatcherServlet        : Completed initialization in 1 ms
2022-03-06 12:51:41.241  INFO 7320 --- [restartedMain] c.e.order_system.OrderSystemApplication  : Starting OrderSystemApplication using Java 1.8.0_192 on HONOR-MAGICBOOK with PID 7320 (D:\Github\Order_System\target\classes started by wangfuming in D:\Github\Order_System)
2022-03-06 12:51:41.241  INFO 7320 --- [restartedMain] c.e.order_system.OrderSystemApplication  : No active profile set, falling back to 1 default profile: "default"
2022-03-06 12:51:41.464  INFO 7320 --- [restartedMain] o.s.b.w.embedded.tomcat.TomcatWebServer  : Tomcat initialized with port(s): 8080 (http)
2022-03-06 12:51:41.465  INFO 7320 --- [restartedMain] o.apache.catalina.core.StandardService   : Starting service [Tomcat]
2022-03-06 12:51:41.465  INFO 7320 --- [restartedMain] org.apache.catalina.core.StandardEngine  : Starting Servlet engine: [Apache Tomcat/9.0.58]
2022-03-06 12:51:41.487  INFO 7320 --- [restartedMain] o.a.c.c.C.[Tomcat].[localhost].[/]       : Initializing Spring embedded WebApplicationContext
2022-03-06 12:51:41.487  INFO 7320 --- [restartedMain] w.s.c.ServletWebServerApplicationContext : Root WebApplicationContext: initialization completed in 244 ms
2022-03-06 12:51:41.573  INFO 7320 --- [restartedMain] o.s.b.a.w.s.WelcomePageHandlerMapping    : Adding welcome page: class path resource [static/index.html]
2022-03-06 12:51:41.602  INFO 7320 --- [restartedMain] o.s.b.d.a.OptionalLiveReloadServer       : LiveReload server is running on port 35729
2022-03-06 12:51:41.612  INFO 7320 --- [restartedMain] o.s.b.w.embedded.tomcat.TomcatWebServer  : Tomcat started on port(s): 8080 (http) with context path ''
2022-03-06 12:51:41.616  INFO 7320 --- [restartedMain] c.e.order_system.OrderSystemApplication  : Started OrderSystemApplication in 0.399 seconds (JVM running for 216.735)
2022-03-06 12:51:41.617  INFO 7320 --- [restartedMain] .ConditionEvaluationDeltaLoggingListener : Condition evaluation unchanged
2022-03-06 12:51:41.789  INFO 7320 --- [http-nio-8080-exec-1] o.a.c.c.C.[Tomcat].[localhost].[/]       : Initializing Spring DispatcherServlet 'dispatcherServlet'
2022-03-06 12:51:41.790  INFO 7320 --- [http-nio-8080-exec-1] o.s.web.servlet.DispatcherServlet        : Initializing Servlet 'dispatcherServlet'
2022-03-06 12:51:41.791  INFO 7320 --- [http-nio-8080-exec-1] o.s.web.servlet.DispatcherServlet        : Completed initialization in 1 ms
2022-03-06 12:51:41.816  INFO 7320 --- [http-nio-8080-exec-1] com.zaxxer.hikari.HikariDataSource       : HikariPool-1 - Starting...
2022-03-06 12:51:41.943  INFO 7320 --- [http-nio-8080-exec-1] com.zaxxer.hikari.HikariDataSource       : HikariPool-1 - Start completed.
2022-03-06 12:51:48.624  INFO 7320 --- [http-nio-8080-exec-2] c.e.o.controller.UserController          : 登录用户名：wfm 登录密码：qwe123
2022-03-06 12:51:49.782  INFO 7320 --- [http-nio-8080-exec-4] c.e.o.controller.OrderController         : orderId:null
2022-03-06 12:51:50.929  INFO 7320 --- [http-nio-8080-exec-5] c.e.o.controller.OrderController         : orderId:28
2022-03-06 12:51:57.339  INFO 7320 --- [SpringApplicationShutdownHook] com.zaxxer.hikari.HikariDataSource       : HikariPool-1 - Shutdown initiated...
2022-03-06 12:51:57.347  INFO 7320 --- [SpringApplicationShutdownHook] com.zaxxer.hikari.HikariDataSource       : HikariPool-1 - Shutdown completed.
2022-03-06 21:01:21.224  INFO 9764 --- [restartedMain] c.e.order_system.OrderSystemApplication  : Starting OrderSystemApplication using Java 1.8.0_192 on HONOR-MAGICBOOK with PID 9764 (D:\Github\Order_System\target\classes started by wangfuming in D:\Github\Order_System)
2022-03-06 21:01:21.226  INFO 9764 --- [restartedMain] c.e.order_system.OrderSystemApplication  : No active profile set, falling back to 1 default profile: "default"
2022-03-06 21:01:21.265  INFO 9764 --- [restartedMain] .e.DevToolsPropertyDefaultsPostProcessor : Devtools property defaults active! Set 'spring.devtools.add-properties' to 'false' to disable
2022-03-06 21:01:21.266  INFO 9764 --- [restartedMain] .e.DevToolsPropertyDefaultsPostProcessor : For additional web related logging consider setting the 'logging.level.web' property to 'DEBUG'
2022-03-06 21:01:22.372  INFO 9764 --- [restartedMain] o.s.b.w.embedded.tomcat.TomcatWebServer  : Tomcat initialized with port(s): 8080 (http)
2022-03-06 21:01:22.379  INFO 9764 --- [restartedMain] o.apache.catalina.core.StandardService   : Starting service [Tomcat]
2022-03-06 21:01:22.380  INFO 9764 --- [restartedMain] org.apache.catalina.core.StandardEngine  : Starting Servlet engine: [Apache Tomcat/9.0.58]
2022-03-06 21:01:22.438  INFO 9764 --- [restartedMain] o.a.c.c.C.[Tomcat].[localhost].[/]       : Initializing Spring embedded WebApplicationContext
2022-03-06 21:01:22.439  INFO 9764 --- [restartedMain] w.s.c.ServletWebServerApplicationContext : Root WebApplicationContext: initialization completed in 1173 ms
2022-03-06 21:01:22.893  INFO 9764 --- [restartedMain] o.s.b.a.w.s.WelcomePageHandlerMapping    : Adding welcome page: class path resource [static/index.html]
2022-03-06 21:01:23.067  INFO 9764 --- [restartedMain] o.s.b.d.a.OptionalLiveReloadServer       : LiveReload server is running on port 35729
2022-03-06 21:01:23.093  INFO 9764 --- [restartedMain] o.s.b.w.embedded.tomcat.TomcatWebServer  : Tomcat started on port(s): 8080 (http) with context path ''
2022-03-06 21:01:23.101  INFO 9764 --- [restartedMain] c.e.order_system.OrderSystemApplication  : Started OrderSystemApplication in 2.291 seconds (JVM running for 3.276)
2022-03-06 21:01:37.526  INFO 9764 --- [http-nio-8080-exec-3] o.a.c.c.C.[Tomcat].[localhost].[/]       : Initializing Spring DispatcherServlet 'dispatcherServlet'
2022-03-06 21:01:37.526  INFO 9764 --- [http-nio-8080-exec-3] o.s.web.servlet.DispatcherServlet        : Initializing Servlet 'dispatcherServlet'
2022-03-06 21:01:37.528  INFO 9764 --- [http-nio-8080-exec-3] o.s.web.servlet.DispatcherServlet        : Completed initialization in 2 ms
2022-03-06 21:01:38.991  INFO 9764 --- [http-nio-8080-exec-5] com.zaxxer.hikari.HikariDataSource       : HikariPool-1 - Starting...
2022-03-06 21:01:39.343  INFO 9764 --- [http-nio-8080-exec-5] com.zaxxer.hikari.HikariDataSource       : HikariPool-1 - Start completed.
2022-03-06 21:01:51.307  INFO 9764 --- [http-nio-8080-exec-10] c.e.o.controller.UserController          : 登录用户名：wfm 登录密码：qwe123
2022-03-06 21:01:56.088  INFO 9764 --- [http-nio-8080-exec-2] c.e.o.controller.UserController          : 登录用户名：wfm 登录密码：qwe123
2022-03-06 21:01:58.317  INFO 9764 --- [http-nio-8080-exec-3] c.e.o.controller.OrderController         : orderId:null
2022-03-06 21:01:59.504  INFO 9764 --- [http-nio-8080-exec-6] c.e.o.controller.OrderController         : orderId:20
2022-03-06 21:07:17.522  INFO 9764 --- [http-nio-8080-exec-1] c.e.o.controller.OrderController         : orderId:null
2022-03-06 21:07:19.012  INFO 9764 --- [http-nio-8080-exec-9] c.e.o.controller.OrderController         : orderId:20
2022-03-06 21:07:20.835  INFO 9764 --- [http-nio-8080-exec-4] c.e.o.controller.OrderController         : orderId:25
2022-03-06 21:09:02.782  INFO 9764 --- [Thread-9] com.zaxxer.hikari.HikariDataSource       : HikariPool-1 - Shutdown initiated...
2022-03-06 21:09:02.790  INFO 9764 --- [Thread-9] com.zaxxer.hikari.HikariDataSource       : HikariPool-1 - Shutdown completed.
2022-03-06 21:09:02.934  INFO 9764 --- [restartedMain] c.e.order_system.OrderSystemApplication  : Starting OrderSystemApplication using Java 1.8.0_192 on HONOR-MAGICBOOK with PID 9764 (D:\Github\Order_System\target\classes started by wangfuming in D:\Github\Order_System)
2022-03-06 21:09:02.934  INFO 9764 --- [restartedMain] c.e.order_system.OrderSystemApplication  : No active profile set, falling back to 1 default profile: "default"
2022-03-06 21:09:03.206  INFO 9764 --- [restartedMain] o.s.b.w.embedded.tomcat.TomcatWebServer  : Tomcat initialized with port(s): 8080 (http)
2022-03-06 21:09:03.206  INFO 9764 --- [restartedMain] o.apache.catalina.core.StandardService   : Starting service [Tomcat]
2022-03-06 21:09:03.206  INFO 9764 --- [restartedMain] org.apache.catalina.core.StandardEngine  : Starting Servlet engine: [Apache Tomcat/9.0.58]
2022-03-06 21:09:03.433  INFO 9764 --- [restartedMain] o.a.c.c.C.[Tomcat].[localhost].[/]       : Initializing Spring embedded WebApplicationContext
2022-03-06 21:09:03.433  INFO 9764 --- [restartedMain] w.s.c.ServletWebServerApplicationContext : Root WebApplicationContext: initialization completed in 497 ms
2022-03-06 21:09:03.544  INFO 9764 --- [restartedMain] o.s.b.a.w.s.WelcomePageHandlerMapping    : Adding welcome page: class path resource [static/index.html]
2022-03-06 21:09:03.577  INFO 9764 --- [restartedMain] o.s.b.d.a.OptionalLiveReloadServer       : LiveReload server is running on port 35729
2022-03-06 21:09:03.588  INFO 9764 --- [restartedMain] o.s.b.w.embedded.tomcat.TomcatWebServer  : Tomcat started on port(s): 8080 (http) with context path ''
2022-03-06 21:09:03.592  INFO 9764 --- [restartedMain] c.e.order_system.OrderSystemApplication  : Started OrderSystemApplication in 0.686 seconds (JVM running for 463.766)
2022-03-06 21:09:03.594  INFO 9764 --- [restartedMain] .ConditionEvaluationDeltaLoggingListener : Condition evaluation unchanged
2022-03-06 21:09:06.297  INFO 9764 --- [restartedMain] c.e.order_system.OrderSystemApplication  : Starting OrderSystemApplication using Java 1.8.0_192 on HONOR-MAGICBOOK with PID 9764 (D:\Github\Order_System\target\classes started by wangfuming in D:\Github\Order_System)
2022-03-06 21:09:06.297  INFO 9764 --- [restartedMain] c.e.order_system.OrderSystemApplication  : No active profile set, falling back to 1 default profile: "default"
2022-03-06 21:09:06.536  INFO 9764 --- [restartedMain] o.s.b.w.embedded.tomcat.TomcatWebServer  : Tomcat initialized with port(s): 8080 (http)
2022-03-06 21:09:06.536  INFO 9764 --- [restartedMain] o.apache.catalina.core.StandardService   : Starting service [Tomcat]
2022-03-06 21:09:06.536  INFO 9764 --- [restartedMain] org.apache.catalina.core.StandardEngine  : Starting Servlet engine: [Apache Tomcat/9.0.58]
2022-03-06 21:09:06.562  INFO 9764 --- [restartedMain] o.a.c.c.C.[Tomcat].[localhost].[/]       : Initializing Spring embedded WebApplicationContext
2022-03-06 21:09:06.562  INFO 9764 --- [restartedMain] w.s.c.ServletWebServerApplicationContext : Root WebApplicationContext: initialization completed in 262 ms
2022-03-06 21:09:06.660  INFO 9764 --- [restartedMain] o.s.b.a.w.s.WelcomePageHandlerMapping    : Adding welcome page: class path resource [static/index.html]
2022-03-06 21:09:06.698  INFO 9764 --- [restartedMain] o.s.b.d.a.OptionalLiveReloadServer       : LiveReload server is running on port 35729
2022-03-06 21:09:06.706  INFO 9764 --- [restartedMain] o.s.b.w.embedded.tomcat.TomcatWebServer  : Tomcat started on port(s): 8080 (http) with context path ''
2022-03-06 21:09:06.712  INFO 9764 --- [restartedMain] c.e.order_system.OrderSystemApplication  : Started OrderSystemApplication in 0.443 seconds (JVM running for 466.886)
2022-03-06 21:09:06.714  INFO 9764 --- [restartedMain] .ConditionEvaluationDeltaLoggingListener : Condition evaluation unchanged
2022-03-06 21:09:06.756  INFO 9764 --- [http-nio-8080-exec-1] o.a.c.c.C.[Tomcat].[localhost].[/]       : Initializing Spring DispatcherServlet 'dispatcherServlet'
2022-03-06 21:09:06.758  INFO 9764 --- [http-nio-8080-exec-1] o.s.web.servlet.DispatcherServlet        : Initializing Servlet 'dispatcherServlet'
2022-03-06 21:09:06.758  INFO 9764 --- [http-nio-8080-exec-1] o.s.web.servlet.DispatcherServlet        : Completed initialization in 0 ms
2022-03-06 21:09:26.627  INFO 9764 --- [http-nio-8080-exec-2] c.e.o.controller.UserController          : 登录用户名：wangfuming 登录密码：123
2022-03-06 21:09:26.628  INFO 9764 --- [http-nio-8080-exec-2] com.zaxxer.hikari.HikariDataSource       : HikariPool-2 - Starting...
2022-03-06 21:09:26.643  INFO 9764 --- [http-nio-8080-exec-2] com.zaxxer.hikari.HikariDataSource       : HikariPool-2 - Start completed.
2022-03-06 21:09:33.243  INFO 9764 --- [http-nio-8080-exec-4] c.e.o.controller.OrderController         : orderId:null
2022-03-06 21:10:16.143  INFO 9764 --- [Thread-19] com.zaxxer.hikari.HikariDataSource       : HikariPool-2 - Shutdown initiated...
2022-03-06 21:10:16.146  INFO 9764 --- [Thread-19] com.zaxxer.hikari.HikariDataSource       : HikariPool-2 - Shutdown completed.
2022-03-06 21:10:16.285  INFO 9764 --- [restartedMain] c.e.order_system.OrderSystemApplication  : Starting OrderSystemApplication using Java 1.8.0_192 on HONOR-MAGICBOOK with PID 9764 (D:\Github\Order_System\target\classes started by wangfuming in D:\Github\Order_System)
2022-03-06 21:10:16.285  INFO 9764 --- [restartedMain] c.e.order_system.OrderSystemApplication  : No active profile set, falling back to 1 default profile: "default"
2022-03-06 21:10:16.451  INFO 9764 --- [restartedMain] o.s.b.w.embedded.tomcat.TomcatWebServer  : Tomcat initialized with port(s): 8080 (http)
2022-03-06 21:10:16.451  INFO 9764 --- [restartedMain] o.apache.catalina.core.StandardService   : Starting service [Tomcat]
2022-03-06 21:10:16.452  INFO 9764 --- [restartedMain] org.apache.catalina.core.StandardEngine  : Starting Servlet engine: [Apache Tomcat/9.0.58]
2022-03-06 21:10:16.462  INFO 9764 --- [restartedMain] o.a.c.c.C.[Tomcat].[localhost].[/]       : Initializing Spring embedded WebApplicationContext
2022-03-06 21:10:16.462  INFO 9764 --- [restartedMain] w.s.c.ServletWebServerApplicationContext : Root WebApplicationContext: initialization completed in 175 ms
2022-03-06 21:10:16.537  INFO 9764 --- [restartedMain] o.s.b.a.w.s.WelcomePageHandlerMapping    : Adding welcome page: class path resource [static/index.html]
2022-03-06 21:10:16.566  INFO 9764 --- [restartedMain] o.s.b.d.a.OptionalLiveReloadServer       : LiveReload server is running on port 35729
2022-03-06 21:10:16.578  INFO 9764 --- [restartedMain] o.s.b.w.embedded.tomcat.TomcatWebServer  : Tomcat started on port(s): 8080 (http) with context path ''
2022-03-06 21:10:16.585  INFO 9764 --- [restartedMain] c.e.order_system.OrderSystemApplication  : Started OrderSystemApplication in 0.315 seconds (JVM running for 536.758)
2022-03-06 21:10:16.586  INFO 9764 --- [restartedMain] .ConditionEvaluationDeltaLoggingListener : Condition evaluation unchanged
2022-03-06 21:10:18.245  INFO 9764 --- [restartedMain] c.e.order_system.OrderSystemApplication  : Starting OrderSystemApplication using Java 1.8.0_192 on HONOR-MAGICBOOK with PID 9764 (D:\Github\Order_System\target\classes started by wangfuming in D:\Github\Order_System)
2022-03-06 21:10:18.245  INFO 9764 --- [restartedMain] c.e.order_system.OrderSystemApplication  : No active profile set, falling back to 1 default profile: "default"
2022-03-06 21:10:18.466  INFO 9764 --- [restartedMain] o.s.b.w.embedded.tomcat.TomcatWebServer  : Tomcat initialized with port(s): 8080 (http)
2022-03-06 21:10:18.466  INFO 9764 --- [restartedMain] o.apache.catalina.core.StandardService   : Starting service [Tomcat]
2022-03-06 21:10:18.466  INFO 9764 --- [restartedMain] org.apache.catalina.core.StandardEngine  : Starting Servlet engine: [Apache Tomcat/9.0.58]
2022-03-06 21:10:18.477  INFO 9764 --- [restartedMain] o.a.c.c.C.[Tomcat].[localhost].[/]       : Initializing Spring embedded WebApplicationContext
2022-03-06 21:10:18.477  INFO 9764 --- [restartedMain] w.s.c.ServletWebServerApplicationContext : Root WebApplicationContext: initialization completed in 230 ms
2022-03-06 21:10:18.556  INFO 9764 --- [restartedMain] o.s.b.a.w.s.WelcomePageHandlerMapping    : Adding welcome page: class path resource [static/index.html]
2022-03-06 21:10:18.584  INFO 9764 --- [restartedMain] o.s.b.d.a.OptionalLiveReloadServer       : LiveReload server is running on port 35729
2022-03-06 21:10:18.590  INFO 9764 --- [restartedMain] o.s.b.w.embedded.tomcat.TomcatWebServer  : Tomcat started on port(s): 8080 (http) with context path ''
2022-03-06 21:10:18.597  INFO 9764 --- [restartedMain] c.e.order_system.OrderSystemApplication  : Started OrderSystemApplication in 0.373 seconds (JVM running for 538.77)
2022-03-06 21:10:18.598  INFO 9764 --- [restartedMain] .ConditionEvaluationDeltaLoggingListener : Condition evaluation unchanged
2022-03-06 21:10:18.684  INFO 9764 --- [http-nio-8080-exec-1] o.a.c.c.C.[Tomcat].[localhost].[/]       : Initializing Spring DispatcherServlet 'dispatcherServlet'
2022-03-06 21:10:18.685  INFO 9764 --- [http-nio-8080-exec-1] o.s.web.servlet.DispatcherServlet        : Initializing Servlet 'dispatcherServlet'
2022-03-06 21:10:18.687  INFO 9764 --- [http-nio-8080-exec-1] o.s.web.servlet.DispatcherServlet        : Completed initialization in 2 ms
2022-03-06 21:10:30.392  INFO 9764 --- [http-nio-8080-exec-10] c.e.o.controller.UserController          : 登录用户名：wangfuming 登录密码：123
2022-03-06 21:10:30.393  INFO 9764 --- [http-nio-8080-exec-10] com.zaxxer.hikari.HikariDataSource       : HikariPool-3 - Starting...
2022-03-06 21:10:30.408  INFO 9764 --- [http-nio-8080-exec-10] com.zaxxer.hikari.HikariDataSource       : HikariPool-3 - Start completed.
2022-03-06 21:10:55.017  INFO 9764 --- [http-nio-8080-exec-5] c.e.o.controller.OrderController         : orderId:null
2022-03-06 21:11:40.505  INFO 9764 --- [http-nio-8080-exec-4] c.e.o.controller.UserController          : 尝试注销
2022-03-06 21:12:17.276  INFO 9764 --- [SpringApplicationShutdownHook] com.zaxxer.hikari.HikariDataSource       : HikariPool-3 - Shutdown initiated...
2022-03-06 21:12:17.278  INFO 9764 --- [SpringApplicationShutdownHook] com.zaxxer.hikari.HikariDataSource       : HikariPool-3 - Shutdown completed.
